This file contains any messages produced by compilers while
running configure, to aid debugging if configure makes a mistake.

It was created by FULL-PACKAGE-NAME configure VERSION, which was
generated by GNU Autoconf 2.61.  Invocation command line was

  $ ./configure 

## --------- ##
## Platform. ##
## --------- ##

hostname = zhangmatoMacBook-Pro.local
uname -m = x86_64
uname -r = 11.3.0
uname -s = Darwin
uname -v = Darwin Kernel Version 11.3.0: Thu Jan 12 18:47:41 PST 2012; root:xnu-1699.24.23~1/RELEASE_X86_64

/usr/bin/uname -p = i386
/bin/uname -X     = unknown

/bin/arch              = unknown
/usr/bin/arch -k       = unknown
/usr/convex/getsysinfo = unknown
/usr/bin/hostinfo      = Mach kernel version:
	 Darwin Kernel Version 11.3.0: Thu Jan 12 18:47:41 PST 2012; root:xnu-1699.24.23~1/RELEASE_X86_64
Kernel configured for up to 4 processors.
2 processors are physically available.
4 processors are logically available.
Processor type: i486 (Intel 80486)
Processors active: 0 1 2 3
Primary memory available: 4.00 gigabytes
Default processor set: 87 tasks, 436 threads, 4 processors
Load average: 1.74, Mach factor: 2.25
/bin/machine           = unknown
/usr/bin/oslevel       = unknown
/bin/universe          = unknown

PATH: /usr/bin
PATH: /bin
PATH: /usr/sbin
PATH: /sbin
PATH: /usr/local/bin
PATH: /usr/X11/bin


## ----------- ##
## Core tests. ##
## ----------- ##

configure:1776: checking for a BSD-compatible install
configure:1832: result: /usr/bin/install -c
configure:1843: checking whether build environment is sane
configure:1886: result: yes
configure:1914: checking for a thread-safe mkdir -p
configure:1953: result: ./install-sh -c -d
configure:1966: checking for gawk
configure:1996: result: no
configure:1966: checking for mawk
configure:1996: result: no
configure:1966: checking for nawk
configure:1996: result: no
configure:1966: checking for awk
configure:1982: found /usr/bin/awk
configure:1993: result: awk
configure:2004: checking whether make sets $(MAKE)
configure:2025: result: yes
configure:2262: checking for gcc
configure:2278: found /usr/bin/gcc
configure:2289: result: gcc
configure:2527: checking for C compiler version
configure:2534: gcc --version >&5
i686-apple-darwin11-llvm-gcc-4.2 (GCC) 4.2.1 (Based on Apple Inc. build 5658) (LLVM build 2336.1.00)
Copyright (C) 2007 Free Software Foundation, Inc.
This is free software; see the source for copying conditions.  There is NO
warranty; not even for MERCHANTABILITY or FITNESS FOR A PARTICULAR PURPOSE.

configure:2537: $? = 0
configure:2544: gcc -v >&5
Using built-in specs.
Target: i686-apple-darwin11
Configured with: /private/var/tmp/llvmgcc42/llvmgcc42-2336.1~1/src/configure --disable-checking --enable-werror --prefix=/Developer/usr/llvm-gcc-4.2 --mandir=/share/man --enable-languages=c,objc,c++,obj-c++ --program-prefix=llvm- --program-transform-name=/^[cg][^.-]*$/s/$/-4.2/ --with-slibdir=/usr/lib --build=i686-apple-darwin11 --enable-llvm=/private/var/tmp/llvmgcc42/llvmgcc42-2336.1~1/dst-llvmCore/Developer/usr/local --program-prefix=i686-apple-darwin11- --host=x86_64-apple-darwin11 --target=i686-apple-darwin11 --with-gxx-include-dir=/usr/include/c++/4.2.1
Thread model: posix
gcc version 4.2.1 (Based on Apple Inc. build 5658) (LLVM build 2336.1.00)
configure:2547: $? = 0
configure:2554: gcc -V >&5
llvm-gcc-4.2: argument to `-V' is missing
configure:2557: $? = 1
configure:2580: checking for C compiler default output file name
configure:2607: gcc    conftest.c  >&5
configure:2610: $? = 0
configure:2648: result: a.out
configure:2665: checking whether the C compiler works
configure:2675: ./a.out
configure:2678: $? = 0
configure:2695: result: yes
configure:2702: checking whether we are cross compiling
configure:2704: result: no
configure:2707: checking for suffix of executables
configure:2714: gcc -o conftest    conftest.c  >&5
configure:2717: $? = 0
configure:2741: result: 
configure:2747: checking for suffix of object files
configure:2773: gcc -c   conftest.c >&5
configure:2776: $? = 0
configure:2799: result: o
configure:2803: checking whether we are using the GNU C compiler
configure:2832: gcc -c   conftest.c >&5
configure:2838: $? = 0
configure:2855: result: yes
configure:2860: checking whether gcc accepts -g
configure:2890: gcc -c -g  conftest.c >&5
configure:2896: $? = 0
configure:2995: result: yes
configure:3012: checking for gcc option to accept ISO C89
configure:3086: gcc  -c -g -O2  conftest.c >&5
configure:3092: $? = 0
configure:3115: result: none needed
configure:3144: checking for style of include used by make
configure:3172: result: GNU
configure:3197: checking dependency style of gcc
configure:3288: result: gcc3
configure:3313: checking how to run the C preprocessor
configure:3353: gcc -E  conftest.c
configure:3359: $? = 0
configure:3390: gcc -E  conftest.c
conftest.c:10:28: error: ac_nonexistent.h: No such file or directory
configure:3396: $? = 1
configure: failed program was:
| /* confdefs.h.  */
| #define PACKAGE_NAME "FULL-PACKAGE-NAME"
| #define PACKAGE_TARNAME "full-package-name"
| #define PACKAGE_VERSION "VERSION"
| #define PACKAGE_STRING "FULL-PACKAGE-NAME VERSION"
| #define PACKAGE_BUGREPORT "BUG-REPORT-ADDRESS"
| #define PACKAGE "free-pushserver"
| #define VERSION "0.1"
| /* end confdefs.h.  */
| #include <ac_nonexistent.h>
configure:3429: result: gcc -E
configure:3458: gcc -E  conftest.c
configure:3464: $? = 0
configure:3495: gcc -E  conftest.c
conftest.c:10:28: error: ac_nonexistent.h: No such file or directory
configure:3501: $? = 1
configure: failed program was:
| /* confdefs.h.  */
| #define PACKAGE_NAME "FULL-PACKAGE-NAME"
| #define PACKAGE_TARNAME "full-package-name"
| #define PACKAGE_VERSION "VERSION"
| #define PACKAGE_STRING "FULL-PACKAGE-NAME VERSION"
| #define PACKAGE_BUGREPORT "BUG-REPORT-ADDRESS"
| #define PACKAGE "free-pushserver"
| #define VERSION "0.1"
| /* end confdefs.h.  */
| #include <ac_nonexistent.h>
configure:3539: checking for grep that handles long lines and -e
configure:3613: result: /usr/bin/grep
configure:3618: checking for egrep
configure:3696: result: /usr/bin/grep -E
configure:3701: checking for ANSI C header files
configure:3731: gcc -c -g -O2  conftest.c >&5
configure:3737: $? = 0
configure:3836: gcc -o conftest -g -O2   conftest.c  >&5
configure:3839: $? = 0
configure:3845: ./conftest
configure:3848: $? = 0
configure:3865: result: yes
configure:3889: checking for sys/types.h
configure:3910: gcc -c -g -O2  conftest.c >&5
configure:3916: $? = 0
configure:3932: result: yes
configure:3889: checking for sys/stat.h
configure:3910: gcc -c -g -O2  conftest.c >&5
configure:3916: $? = 0
configure:3932: result: yes
configure:3889: checking for stdlib.h
configure:3910: gcc -c -g -O2  conftest.c >&5
configure:3916: $? = 0
configure:3932: result: yes
configure:3889: checking for string.h
configure:3910: gcc -c -g -O2  conftest.c >&5
configure:3916: $? = 0
configure:3932: result: yes
configure:3889: checking for memory.h
configure:3910: gcc -c -g -O2  conftest.c >&5
configure:3916: $? = 0
configure:3932: result: yes
configure:3889: checking for strings.h
configure:3910: gcc -c -g -O2  conftest.c >&5
configure:3916: $? = 0
configure:3932: result: yes
configure:3889: checking for inttypes.h
configure:3910: gcc -c -g -O2  conftest.c >&5
configure:3916: $? = 0
configure:3932: result: yes
configure:3889: checking for stdint.h
configure:3910: gcc -c -g -O2  conftest.c >&5
configure:3916: $? = 0
configure:3932: result: yes
configure:3889: checking for unistd.h
configure:3910: gcc -c -g -O2  conftest.c >&5
configure:3916: $? = 0
configure:3932: result: yes
configure:3971: checking arpa/inet.h usability
configure:3988: gcc -c -g -O2  conftest.c >&5
configure:3994: $? = 0
configure:4008: result: yes
configure:4012: checking arpa/inet.h presence
configure:4027: gcc -E  conftest.c
configure:4033: $? = 0
configure:4047: result: yes
configure:4080: checking for arpa/inet.h
configure:4088: result: yes
configure:3971: checking fcntl.h usability
configure:3988: gcc -c -g -O2  conftest.c >&5
configure:3994: $? = 0
configure:4008: result: yes
configure:4012: checking fcntl.h presence
configure:4027: gcc -E  conftest.c
configure:4033: $? = 0
configure:4047: result: yes
configure:4080: checking for fcntl.h
configure:4088: result: yes
configure:3961: checking for inttypes.h
configure:3967: result: yes
configure:3971: checking limits.h usability
configure:3988: gcc -c -g -O2  conftest.c >&5
configure:3994: $? = 0
configure:4008: result: yes
configure:4012: checking limits.h presence
configure:4027: gcc -E  conftest.c
configure:4033: $? = 0
configure:4047: result: yes
configure:4080: checking for limits.h
configure:4088: result: yes
configure:3971: checking netdb.h usability
configure:3988: gcc -c -g -O2  conftest.c >&5
configure:3994: $? = 0
configure:4008: result: yes
configure:4012: checking netdb.h presence
configure:4027: gcc -E  conftest.c
configure:4033: $? = 0
configure:4047: result: yes
configure:4080: checking for netdb.h
configure:4088: result: yes
configure:3971: checking netinet/in.h usability
configure:3988: gcc -c -g -O2  conftest.c >&5
configure:3994: $? = 0
configure:4008: result: yes
configure:4012: checking netinet/in.h presence
configure:4027: gcc -E  conftest.c
configure:4033: $? = 0
configure:4047: result: yes
configure:4080: checking for netinet/in.h
configure:4088: result: yes
configure:3971: checking stddef.h usability
configure:3988: gcc -c -g -O2  conftest.c >&5
configure:3994: $? = 0
configure:4008: result: yes
configure:4012: checking stddef.h presence
configure:4027: gcc -E  conftest.c
configure:4033: $? = 0
configure:4047: result: yes
configure:4080: checking for stddef.h
configure:4088: result: yes
configure:3961: checking for stdint.h
configure:3967: result: yes
configure:3961: checking for stdlib.h
configure:3967: result: yes
configure:3961: checking for string.h
configure:3967: result: yes
configure:3971: checking sys/socket.h usability
configure:3988: gcc -c -g -O2  conftest.c >&5
configure:3994: $? = 0
configure:4008: result: yes
configure:4012: checking sys/socket.h presence
configure:4027: gcc -E  conftest.c
configure:4033: $? = 0
configure:4047: result: yes
configure:4080: checking for sys/socket.h
configure:4088: result: yes
configure:3971: checking sys/time.h usability
configure:3988: gcc -c -g -O2  conftest.c >&5
configure:3994: $? = 0
configure:4008: result: yes
configure:4012: checking sys/time.h presence
configure:4027: gcc -E  conftest.c
configure:4033: $? = 0
configure:4047: result: yes
configure:4080: checking for sys/time.h
configure:4088: result: yes
configure:3961: checking for unistd.h
configure:3967: result: yes
configure:4103: checking for an ANSI C-conforming const
configure:4178: gcc -c -g -O2  conftest.c >&5
configure:4184: $? = 0
configure:4199: result: yes
configure:4210: checking for int16_t
configure:4241: gcc -c -g -O2  conftest.c >&5
configure:4247: $? = 0
configure:4276: gcc -c -g -O2  conftest.c >&5
conftest.c: In function 'main':
conftest.c:70: error: size of array 'test_array' is negative
configure:4282: $? = 1
configure: failed program was:
| /* confdefs.h.  */
| #define PACKAGE_NAME "FULL-PACKAGE-NAME"
| #define PACKAGE_TARNAME "full-package-name"
| #define PACKAGE_VERSION "VERSION"
| #define PACKAGE_STRING "FULL-PACKAGE-NAME VERSION"
| #define PACKAGE_BUGREPORT "BUG-REPORT-ADDRESS"
| #define PACKAGE "free-pushserver"
| #define VERSION "0.1"
| #define STDC_HEADERS 1
| #define HAVE_SYS_TYPES_H 1
| #define HAVE_SYS_STAT_H 1
| #define HAVE_STDLIB_H 1
| #define HAVE_STRING_H 1
| #define HAVE_MEMORY_H 1
| #define HAVE_STRINGS_H 1
| #define HAVE_INTTYPES_H 1
| #define HAVE_STDINT_H 1
| #define HAVE_UNISTD_H 1
| #define HAVE_ARPA_INET_H 1
| #define HAVE_FCNTL_H 1
| #define HAVE_INTTYPES_H 1
| #define HAVE_LIMITS_H 1
| #define HAVE_NETDB_H 1
| #define HAVE_NETINET_IN_H 1
| #define HAVE_STDDEF_H 1
| #define HAVE_STDINT_H 1
| #define HAVE_STDLIB_H 1
| #define HAVE_STRING_H 1
| #define HAVE_SYS_SOCKET_H 1
| #define HAVE_SYS_TIME_H 1
| #define HAVE_UNISTD_H 1
| /* end confdefs.h.  */
| #include <stdio.h>
| #ifdef HAVE_SYS_TYPES_H
| # include <sys/types.h>
| #endif
| #ifdef HAVE_SYS_STAT_H
| # include <sys/stat.h>
| #endif
| #ifdef STDC_HEADERS
| # include <stdlib.h>
| # include <stddef.h>
| #else
| # ifdef HAVE_STDLIB_H
| #  include <stdlib.h>
| # endif
| #endif
| #ifdef HAVE_STRING_H
| # if !defined STDC_HEADERS && defined HAVE_MEMORY_H
| #  include <memory.h>
| # endif
| # include <string.h>
| #endif
| #ifdef HAVE_STRINGS_H
| # include <strings.h>
| #endif
| #ifdef HAVE_INTTYPES_H
| # include <inttypes.h>
| #endif
| #ifdef HAVE_STDINT_H
| # include <stdint.h>
| #endif
| #ifdef HAVE_UNISTD_H
| # include <unistd.h>
| #endif
| int
| main ()
| {
| static int test_array [1 - 2 * !((int16_t) ((((int16_t) 1 << (16 - 2)) - 1) * 2 + 1)
| 	         < (int16_t) ((((int16_t) 1 << (16 - 2)) - 1) * 2 + 2))];
| test_array [0] = 0
| 
|   ;
|   return 0;
| }
configure:4311: result: yes
configure:4324: checking for int32_t
configure:4355: gcc -c -g -O2  conftest.c >&5
configure:4361: $? = 0
configure:4390: gcc -c -g -O2  conftest.c >&5
conftest.c: In function 'main':
conftest.c:70: warning: integer overflow in expression
conftest.c:70: error: size of array 'test_array' is negative
configure:4396: $? = 1
configure: failed program was:
| /* confdefs.h.  */
| #define PACKAGE_NAME "FULL-PACKAGE-NAME"
| #define PACKAGE_TARNAME "full-package-name"
| #define PACKAGE_VERSION "VERSION"
| #define PACKAGE_STRING "FULL-PACKAGE-NAME VERSION"
| #define PACKAGE_BUGREPORT "BUG-REPORT-ADDRESS"
| #define PACKAGE "free-pushserver"
| #define VERSION "0.1"
| #define STDC_HEADERS 1
| #define HAVE_SYS_TYPES_H 1
| #define HAVE_SYS_STAT_H 1
| #define HAVE_STDLIB_H 1
| #define HAVE_STRING_H 1
| #define HAVE_MEMORY_H 1
| #define HAVE_STRINGS_H 1
| #define HAVE_INTTYPES_H 1
| #define HAVE_STDINT_H 1
| #define HAVE_UNISTD_H 1
| #define HAVE_ARPA_INET_H 1
| #define HAVE_FCNTL_H 1
| #define HAVE_INTTYPES_H 1
| #define HAVE_LIMITS_H 1
| #define HAVE_NETDB_H 1
| #define HAVE_NETINET_IN_H 1
| #define HAVE_STDDEF_H 1
| #define HAVE_STDINT_H 1
| #define HAVE_STDLIB_H 1
| #define HAVE_STRING_H 1
| #define HAVE_SYS_SOCKET_H 1
| #define HAVE_SYS_TIME_H 1
| #define HAVE_UNISTD_H 1
| /* end confdefs.h.  */
| #include <stdio.h>
| #ifdef HAVE_SYS_TYPES_H
| # include <sys/types.h>
| #endif
| #ifdef HAVE_SYS_STAT_H
| # include <sys/stat.h>
| #endif
| #ifdef STDC_HEADERS
| # include <stdlib.h>
| # include <stddef.h>
| #else
| # ifdef HAVE_STDLIB_H
| #  include <stdlib.h>
| # endif
| #endif
| #ifdef HAVE_STRING_H
| # if !defined STDC_HEADERS && defined HAVE_MEMORY_H
| #  include <memory.h>
| # endif
| # include <string.h>
| #endif
| #ifdef HAVE_STRINGS_H
| # include <strings.h>
| #endif
| #ifdef HAVE_INTTYPES_H
| # include <inttypes.h>
| #endif
| #ifdef HAVE_STDINT_H
| # include <stdint.h>
| #endif
| #ifdef HAVE_UNISTD_H
| # include <unistd.h>
| #endif
| int
| main ()
| {
| static int test_array [1 - 2 * !((int32_t) ((((int32_t) 1 << (32 - 2)) - 1) * 2 + 1)
| 	         < (int32_t) ((((int32_t) 1 << (32 - 2)) - 1) * 2 + 2))];
| test_array [0] = 0
| 
|   ;
|   return 0;
| }
configure:4425: result: yes
configure:4438: checking for int64_t
configure:4469: gcc -c -g -O2  conftest.c >&5
configure:4475: $? = 0
configure:4504: gcc -c -g -O2  conftest.c >&5
conftest.c: In function 'main':
conftest.c:70: warning: integer overflow in expression
conftest.c:70: error: size of array 'test_array' is negative
configure:4510: $? = 1
configure: failed program was:
| /* confdefs.h.  */
| #define PACKAGE_NAME "FULL-PACKAGE-NAME"
| #define PACKAGE_TARNAME "full-package-name"
| #define PACKAGE_VERSION "VERSION"
| #define PACKAGE_STRING "FULL-PACKAGE-NAME VERSION"
| #define PACKAGE_BUGREPORT "BUG-REPORT-ADDRESS"
| #define PACKAGE "free-pushserver"
| #define VERSION "0.1"
| #define STDC_HEADERS 1
| #define HAVE_SYS_TYPES_H 1
| #define HAVE_SYS_STAT_H 1
| #define HAVE_STDLIB_H 1
| #define HAVE_STRING_H 1
| #define HAVE_MEMORY_H 1
| #define HAVE_STRINGS_H 1
| #define HAVE_INTTYPES_H 1
| #define HAVE_STDINT_H 1
| #define HAVE_UNISTD_H 1
| #define HAVE_ARPA_INET_H 1
| #define HAVE_FCNTL_H 1
| #define HAVE_INTTYPES_H 1
| #define HAVE_LIMITS_H 1
| #define HAVE_NETDB_H 1
| #define HAVE_NETINET_IN_H 1
| #define HAVE_STDDEF_H 1
| #define HAVE_STDINT_H 1
| #define HAVE_STDLIB_H 1
| #define HAVE_STRING_H 1
| #define HAVE_SYS_SOCKET_H 1
| #define HAVE_SYS_TIME_H 1
| #define HAVE_UNISTD_H 1
| /* end confdefs.h.  */
| #include <stdio.h>
| #ifdef HAVE_SYS_TYPES_H
| # include <sys/types.h>
| #endif
| #ifdef HAVE_SYS_STAT_H
| # include <sys/stat.h>
| #endif
| #ifdef STDC_HEADERS
| # include <stdlib.h>
| # include <stddef.h>
| #else
| # ifdef HAVE_STDLIB_H
| #  include <stdlib.h>
| # endif
| #endif
| #ifdef HAVE_STRING_H
| # if !defined STDC_HEADERS && defined HAVE_MEMORY_H
| #  include <memory.h>
| # endif
| # include <string.h>
| #endif
| #ifdef HAVE_STRINGS_H
| # include <strings.h>
| #endif
| #ifdef HAVE_INTTYPES_H
| # include <inttypes.h>
| #endif
| #ifdef HAVE_STDINT_H
| # include <stdint.h>
| #endif
| #ifdef HAVE_UNISTD_H
| # include <unistd.h>
| #endif
| int
| main ()
| {
| static int test_array [1 - 2 * !((int64_t) ((((int64_t) 1 << (64 - 2)) - 1) * 2 + 1)
| 	         < (int64_t) ((((int64_t) 1 << (64 - 2)) - 1) * 2 + 2))];
| test_array [0] = 0
| 
|   ;
|   return 0;
| }
configure:4539: result: yes
configure:4552: checking for int8_t
configure:4583: gcc -c -g -O2  conftest.c >&5
configure:4589: $? = 0
configure:4618: gcc -c -g -O2  conftest.c >&5
conftest.c: In function 'main':
conftest.c:70: error: size of array 'test_array' is negative
configure:4624: $? = 1
configure: failed program was:
| /* confdefs.h.  */
| #define PACKAGE_NAME "FULL-PACKAGE-NAME"
| #define PACKAGE_TARNAME "full-package-name"
| #define PACKAGE_VERSION "VERSION"
| #define PACKAGE_STRING "FULL-PACKAGE-NAME VERSION"
| #define PACKAGE_BUGREPORT "BUG-REPORT-ADDRESS"
| #define PACKAGE "free-pushserver"
| #define VERSION "0.1"
| #define STDC_HEADERS 1
| #define HAVE_SYS_TYPES_H 1
| #define HAVE_SYS_STAT_H 1
| #define HAVE_STDLIB_H 1
| #define HAVE_STRING_H 1
| #define HAVE_MEMORY_H 1
| #define HAVE_STRINGS_H 1
| #define HAVE_INTTYPES_H 1
| #define HAVE_STDINT_H 1
| #define HAVE_UNISTD_H 1
| #define HAVE_ARPA_INET_H 1
| #define HAVE_FCNTL_H 1
| #define HAVE_INTTYPES_H 1
| #define HAVE_LIMITS_H 1
| #define HAVE_NETDB_H 1
| #define HAVE_NETINET_IN_H 1
| #define HAVE_STDDEF_H 1
| #define HAVE_STDINT_H 1
| #define HAVE_STDLIB_H 1
| #define HAVE_STRING_H 1
| #define HAVE_SYS_SOCKET_H 1
| #define HAVE_SYS_TIME_H 1
| #define HAVE_UNISTD_H 1
| /* end confdefs.h.  */
| #include <stdio.h>
| #ifdef HAVE_SYS_TYPES_H
| # include <sys/types.h>
| #endif
| #ifdef HAVE_SYS_STAT_H
| # include <sys/stat.h>
| #endif
| #ifdef STDC_HEADERS
| # include <stdlib.h>
| # include <stddef.h>
| #else
| # ifdef HAVE_STDLIB_H
| #  include <stdlib.h>
| # endif
| #endif
| #ifdef HAVE_STRING_H
| # if !defined STDC_HEADERS && defined HAVE_MEMORY_H
| #  include <memory.h>
| # endif
| # include <string.h>
| #endif
| #ifdef HAVE_STRINGS_H
| # include <strings.h>
| #endif
| #ifdef HAVE_INTTYPES_H
| # include <inttypes.h>
| #endif
| #ifdef HAVE_STDINT_H
| # include <stdint.h>
| #endif
| #ifdef HAVE_UNISTD_H
| # include <unistd.h>
| #endif
| int
| main ()
| {
| static int test_array [1 - 2 * !((int8_t) ((((int8_t) 1 << (8 - 2)) - 1) * 2 + 1)
| 	         < (int8_t) ((((int8_t) 1 << (8 - 2)) - 1) * 2 + 2))];
| test_array [0] = 0
| 
|   ;
|   return 0;
| }
configure:4653: result: yes
configure:4665: checking for size_t
configure:4695: gcc -c -g -O2  conftest.c >&5
configure:4701: $? = 0
configure:4716: result: yes
configure:4728: checking for ssize_t
configure:4758: gcc -c -g -O2  conftest.c >&5
configure:4764: $? = 0
configure:4779: result: yes
configure:4791: checking whether time.h and sys/time.h may both be included
configure:4821: gcc -c -g -O2  conftest.c >&5
configure:4827: $? = 0
configure:4842: result: yes
configure:4853: checking for uint16_t
configure:4884: gcc -c -g -O2  conftest.c >&5
configure:4890: $? = 0
configure:4911: result: yes
configure:4925: checking for uint32_t
configure:4956: gcc -c -g -O2  conftest.c >&5
configure:4962: $? = 0
configure:4983: result: yes
configure:5001: checking for uint64_t
configure:5032: gcc -c -g -O2  conftest.c >&5
configure:5038: $? = 0
configure:5059: result: yes
configure:5077: checking for uint8_t
configure:5108: gcc -c -g -O2  conftest.c >&5
configure:5114: $? = 0
configure:5135: result: yes
configure:5159: checking for stdlib.h
configure:5165: result: yes
configure:5299: checking for GNU libc compatible malloc
configure:5333: gcc -o conftest -g -O2   conftest.c  >&5
configure:5336: $? = 0
configure:5342: ./conftest
configure:5345: $? = 0
configure:5361: result: yes
configure:5394: checking for stdlib.h
configure:5400: result: yes
configure:5534: checking for GNU libc compatible realloc
configure:5568: gcc -o conftest -g -O2   conftest.c  >&5
configure:5571: $? = 0
configure:5577: ./conftest
configure:5580: $? = 0
configure:5596: result: yes
configure:5640: checking sys/select.h usability
configure:5657: gcc -c -g -O2  conftest.c >&5
configure:5663: $? = 0
configure:5677: result: yes
configure:5681: checking sys/select.h presence
configure:5696: gcc -E  conftest.c
configure:5702: $? = 0
configure:5716: result: yes
configure:5749: checking for sys/select.h
configure:5757: result: yes
configure:5630: checking for sys/socket.h
configure:5636: result: yes
configure:5770: checking types of arguments for select
configure:5808: gcc -c -g -O2  conftest.c >&5
configure:5814: $? = 0
configure:5835: result: int,fd_set *,struct timeval *
configure:5867: checking for inet_ntoa
configure:5923: gcc -o conftest -g -O2   conftest.c  >&5
configure:5929: $? = 0
configure:5947: result: yes
configure:5867: checking for memset
configure:5923: gcc -o conftest -g -O2   conftest.c  >&5
conftest.c:67: warning: conflicting types for built-in function 'memset'
configure:5929: $? = 0
configure:5947: result: yes
configure:5867: checking for select
configure:5923: gcc -o conftest -g -O2   conftest.c  >&5
configure:5929: $? = 0
configure:5947: result: yes
configure:5867: checking for socket
configure:5923: gcc -o conftest -g -O2   conftest.c  >&5
configure:5929: $? = 0
configure:5947: result: yes
configure:5867: checking for strchr
configure:5923: gcc -o conftest -g -O2   conftest.c  >&5
conftest.c:70: warning: conflicting types for built-in function 'strchr'
configure:5929: $? = 0
configure:5947: result: yes
configure:5867: checking for strtoul
configure:5923: gcc -o conftest -g -O2   conftest.c  >&5
configure:5929: $? = 0
configure:5947: result: yes
configure:6074: creating ./config.status

## ---------------------- ##
## Running config.status. ##
## ---------------------- ##

This file was extended by FULL-PACKAGE-NAME config.status VERSION, which was
generated by GNU Autoconf 2.61.  Invocation command line was

  CONFIG_FILES    = 
  CONFIG_HEADERS  = 
  CONFIG_LINKS    = 
  CONFIG_COMMANDS = 
  $ ./config.status 

on zhangmatoMacBook-Pro.local

config.status:635: creating Makefile
config.status:635: creating config.h
config.status:936: executing depfiles commands

## ---------------- ##
## Cache variables. ##
## ---------------- ##

ac_cv_c_compiler_gnu=yes
ac_cv_c_const=yes
ac_cv_c_int16_t=yes
ac_cv_c_int32_t=yes
ac_cv_c_int64_t=yes
ac_cv_c_int8_t=yes
ac_cv_c_uint16_t=yes
ac_cv_c_uint32_t=yes
ac_cv_c_uint64_t=yes
ac_cv_c_uint8_t=yes
ac_cv_env_CC_set=
ac_cv_env_CC_value=
ac_cv_env_CFLAGS_set=
ac_cv_env_CFLAGS_value=
ac_cv_env_CPPFLAGS_set=
ac_cv_env_CPPFLAGS_value=
ac_cv_env_CPP_set=
ac_cv_env_CPP_value=
ac_cv_env_LDFLAGS_set=
ac_cv_env_LDFLAGS_value=
ac_cv_env_LIBS_set=
ac_cv_env_LIBS_value=
ac_cv_env_build_alias_set=
ac_cv_env_build_alias_value=
ac_cv_env_host_alias_set=
ac_cv_env_host_alias_value=
ac_cv_env_target_alias_set=
ac_cv_env_target_alias_value=
ac_cv_func_inet_ntoa=yes
ac_cv_func_malloc_0_nonnull=yes
ac_cv_func_memset=yes
ac_cv_func_realloc_0_nonnull=yes
ac_cv_func_select=yes
ac_cv_func_select_args='int,fd_set *,struct timeval *'
ac_cv_func_socket=yes
ac_cv_func_strchr=yes
ac_cv_func_strtoul=yes
ac_cv_header_arpa_inet_h=yes
ac_cv_header_fcntl_h=yes
ac_cv_header_inttypes_h=yes
ac_cv_header_limits_h=yes
ac_cv_header_memory_h=yes
ac_cv_header_netdb_h=yes
ac_cv_header_netinet_in_h=yes
ac_cv_header_stdc=yes
ac_cv_header_stddef_h=yes
ac_cv_header_stdint_h=yes
ac_cv_header_stdlib_h=yes
ac_cv_header_string_h=yes
ac_cv_header_strings_h=yes
ac_cv_header_sys_select_h=yes
ac_cv_header_sys_socket_h=yes
ac_cv_header_sys_stat_h=yes
ac_cv_header_sys_time_h=yes
ac_cv_header_sys_types_h=yes
ac_cv_header_time=yes
ac_cv_header_unistd_h=yes
ac_cv_objext=o
ac_cv_path_EGREP='/usr/bin/grep -E'
ac_cv_path_GREP=/usr/bin/grep
ac_cv_path_install='/usr/bin/install -c'
ac_cv_prog_AWK=awk
ac_cv_prog_CPP='gcc -E'
ac_cv_prog_ac_ct_CC=gcc
ac_cv_prog_cc_c89=
ac_cv_prog_cc_g=yes
ac_cv_prog_make_make_set=yes
ac_cv_type_size_t=yes
ac_cv_type_ssize_t=yes
am_cv_CC_dependencies_compiler_type=gcc3

## ----------------- ##
## Output variables. ##
## ----------------- ##

ACLOCAL='${SHELL} /Users/laixian/work/labs/clang/freepushd/src/missing --run aclocal-1.10'
AMDEPBACKSLASH='\'
AMDEP_FALSE='#'
AMDEP_TRUE=''
AMTAR='${SHELL} /Users/laixian/work/labs/clang/freepushd/src/missing --run tar'
AUTOCONF='${SHELL} /Users/laixian/work/labs/clang/freepushd/src/missing --run autoconf'
AUTOHEADER='${SHELL} /Users/laixian/work/labs/clang/freepushd/src/missing --run autoheader'
AUTOMAKE='${SHELL} /Users/laixian/work/labs/clang/freepushd/src/missing --run automake-1.10'
AWK='awk'
CC='gcc'
CCDEPMODE='depmode=gcc3'
CFLAGS='-g -O2'
CPP='gcc -E'
CPPFLAGS=''
CYGPATH_W='echo'
DEFS='-DHAVE_CONFIG_H'
DEPDIR='.deps'
ECHO_C='ECHO_N=''
ECHO_T=''
EGREP='/usr/bin/grep -E'
EXEEXT=''
GREP='/usr/bin/grep'
INSTALL_DATA='${INSTALL} -m 644'
INSTALL_PROGRAM='${INSTALL}'
INSTALL_SCRIPT='${INSTALL}'
INSTALL_STRIP_PROGRAM='$(install_sh) -c -s'
LDFLAGS=''
LIBOBJS=''
LIBS=''
LTLIBOBJS=''
MAKEINFO='${SHELL} /Users/laixian/work/labs/clang/freepushd/src/missing --run makeinfo'
OBJEXT='o'
PACKAGE='free-pushserver'
PACKAGE_BUGREPORT='BUG-REPORT-ADDRESS'
PACKAGE_NAME='FULL-PACKAGE-NAME'
PACKAGE_STRING='FULL-PACKAGE-NAME VERSION'
PACKAGE_TARNAME='full-package-name'
PACKAGE_VERSION='VERSION'
PATH_SEPARATOR=':'
SET_MAKE=''
SHELL='/bin/sh'
STRIP=''
VERSION='0.1'
ac_ct_CC='gcc'
am__fastdepCC_FALSE='#'
am__fastdepCC_TRUE=''
am__include='include'
am__isrc=''
am__leading_dot='.'
am__quote=''
am__tar='${AMTAR} chof - "$$tardir"'
am__untar='${AMTAR} xf -'
bindir='${exec_prefix}/bin'
build_alias=''
datadir='${datarootdir}'
datarootdir='${prefix}/share'
docdir='${datarootdir}/doc/${PACKAGE_TARNAME}'
dvidir='${docdir}'
exec_prefix='${prefix}'
host_alias=''
htmldir='${docdir}'
includedir='${prefix}/include'
infodir='${datarootdir}/info'
install_sh='$(SHELL) /Users/laixian/work/labs/clang/freepushd/src/install-sh'
libdir='${exec_prefix}/lib'
libexecdir='${exec_prefix}/libexec'
localedir='${datarootdir}/locale'
localstatedir='${prefix}/var'
mandir='${datarootdir}/man'
mkdir_p='$(top_builddir)/./install-sh -c -d'
oldincludedir='/usr/include'
pdfdir='${docdir}'
prefix='/usr/local'
program_transform_name='s,x,x,'
psdir='${docdir}'
sbindir='${exec_prefix}/sbin'
sharedstatedir='${prefix}/com'
sysconfdir='${prefix}/etc'
target_alias=''

## ----------- ##
## confdefs.h. ##
## ----------- ##

#define PACKAGE_NAME "FULL-PACKAGE-NAME"
#define PACKAGE_TARNAME "full-package-name"
#define PACKAGE_VERSION "VERSION"
#define PACKAGE_STRING "FULL-PACKAGE-NAME VERSION"
#define PACKAGE_BUGREPORT "BUG-REPORT-ADDRESS"
#define PACKAGE "free-pushserver"
#define VERSION "0.1"
#define STDC_HEADERS 1
#define HAVE_SYS_TYPES_H 1
#define HAVE_SYS_STAT_H 1
#define HAVE_STDLIB_H 1
#define HAVE_STRING_H 1
#define HAVE_MEMORY_H 1
#define HAVE_STRINGS_H 1
#define HAVE_INTTYPES_H 1
#define HAVE_STDINT_H 1
#define HAVE_UNISTD_H 1
#define HAVE_ARPA_INET_H 1
#define HAVE_FCNTL_H 1
#define HAVE_INTTYPES_H 1
#define HAVE_LIMITS_H 1
#define HAVE_NETDB_H 1
#define HAVE_NETINET_IN_H 1
#define HAVE_STDDEF_H 1
#define HAVE_STDINT_H 1
#define HAVE_STDLIB_H 1
#define HAVE_STRING_H 1
#define HAVE_SYS_SOCKET_H 1
#define HAVE_SYS_TIME_H 1
#define HAVE_UNISTD_H 1
#define TIME_WITH_SYS_TIME 1
#define HAVE_STDLIB_H 1
#define HAVE_MALLOC 1
#define HAVE_STDLIB_H 1
#define HAVE_REALLOC 1
#define HAVE_SYS_SELECT_H 1
#define HAVE_SYS_SOCKET_H 1
#define SELECT_TYPE_ARG1 int
#define SELECT_TYPE_ARG234 (fd_set *)
#define SELECT_TYPE_ARG5 (struct timeval *)
#define HAVE_INET_NTOA 1
#define HAVE_MEMSET 1
#define HAVE_SELECT 1
#define HAVE_SOCKET 1
#define HAVE_STRCHR 1
#define HAVE_STRTOUL 1

configure: exit 0
